\BOOKMARK [0][-]{part.1}{\376\377\000M\000o\000n\000s\000t\000e\000r\000s\000\040\000f\000r\000o\000m\000\040\000t\000h\000e\000\040\000B\000a\000s\000i\000c\000/\000E\000x\000p\000e\000r\000t\000\040\000R\000u\000l\000e\000b\000o\000o\000k\000s}{}% 1
\BOOKMARK [1][-]{section*.3}{\376\377\000A\000n\000t\000,\000\040}{part.1}% 2
\BOOKMARK [1][-]{section*.6}{\376\377\000A\000p\000e\000,\000\040}{part.1}% 3
\BOOKMARK [1][-]{section*.9}{\376\377\000B\000a\000s\000i\000l\000i\000s\000k}{part.1}% 4
\BOOKMARK [1][-]{section*.12}{\376\377\000B\000a\000t}{part.1}% 5
\BOOKMARK [1][-]{section*.15}{\376\377\000B\000e\000a\000r}{part.1}% 6
\BOOKMARK [1][-]{section*.18}{\376\377\000B\000e\000e\000,\000\040}{part.1}% 7
\BOOKMARK [1][-]{section*.21}{\376\377\000B\000e\000e\000t\000l\000e}{part.1}% 8
\BOOKMARK [1][-]{section*.24}{\376\377\000B\000l\000a\000c\000k\000\040\000P\000u\000d\000d\000i\000n\000g}{part.1}% 9
\BOOKMARK [1][-]{section*.27}{\376\377\000B\000l\000i\000n\000k\000\040\000D\000o\000g}{part.1}% 10
\BOOKMARK [1][-]{section*.30}{\376\377\000B\000o\000a\000r}{part.1}% 11
\BOOKMARK [1][-]{section*.33}{\376\377\000B\000u\000g\000b\000e\000a\000r}{part.1}% 12
\BOOKMARK [1][-]{section*.36}{\376\377\000C\000a\000e\000c\000i\000l\000i\000a}{part.1}% 13
\BOOKMARK [1][-]{section*.39}{\376\377\000C\000a\000m\000e\000l}{part.1}% 14
\BOOKMARK [1][-]{section*.42}{\376\377\000C\000a\000r\000r\000i\000o\000n\000\040\000C\000r\000a\000w\000l\000e\000r}{part.1}% 15
\BOOKMARK [1][-]{section*.45}{\376\377\000C\000a\000t\000,\000\040\000G\000r\000e\000a\000t}{part.1}% 16
\BOOKMARK [1][-]{section*.48}{\376\377\000C\000a\000v\000e\000\040\000L\000o\000c\000u\000s\000t}{part.1}% 17
\BOOKMARK [1][-]{section*.51}{\376\377\000C\000e\000n\000t\000a\000u\000r}{part.1}% 18
\BOOKMARK [1][-]{section*.54}{\376\377\000C\000e\000n\000t\000i\000p\000e\000d\000e\000,\000\040}{part.1}% 19
\BOOKMARK [1][-]{section*.57}{\376\377\000C\000h\000i\000m\000e\000r\000a}{part.1}% 20
\BOOKMARK [1][-]{section*.60}{\376\377\000C\000o\000c\000k\000a\000t\000r\000i\000c\000e}{part.1}% 21
\BOOKMARK [1][-]{section*.63}{\376\377\000C\000r\000a\000b\000,\000\040}{part.1}% 22
\BOOKMARK [1][-]{section*.66}{\376\377\000C\000r\000o\000c\000o\000d\000i\000l\000e}{part.1}% 23
\BOOKMARK [1][-]{section*.69}{\376\377\000C\000y\000c\000l\000o\000p\000s}{part.1}% 24
\BOOKMARK [1][-]{section*.72}{\376\377\000D\000i\000n\000o\000s\000a\000u\000r}{part.1}% 25
\BOOKMARK [1][-]{section*.75}{\376\377\000D\000i\000s\000p\000l\000a\000c\000e\000r\000\040\000B\000e\000a\000s\000t}{part.1}% 26
\BOOKMARK [1][-]{section*.78}{\376\377\000D\000j\000i\000n\000n\000i\000,\000\040}{part.1}% 27
\BOOKMARK [1][-]{section*.81}{\376\377\000D\000o\000p\000p\000l\000e\000g\000a\000n\000g\000e\000r}{part.1}% 28
\BOOKMARK [1][-]{section*.84}{\376\377\000D\000r\000a\000g\000o\000n\000,\000\040}{part.1}% 29
\BOOKMARK [1][-]{section*.87}{\376\377\000D\000r\000a\000g\000o\000n\000,\000\040}{part.1}% 30
\BOOKMARK [1][-]{section*.90}{\376\377\000D\000r\000a\000g\000o\000n\000,\000\040}{part.1}% 31
\BOOKMARK [1][-]{section*.93}{\376\377\000D\000r\000a\000g\000o\000n\000,\000\040}{part.1}% 32
\BOOKMARK [1][-]{section*.96}{\376\377\000D\000r\000a\000g\000o\000n\000,\000\040}{part.1}% 33
\BOOKMARK [1][-]{section*.99}{\376\377\000D\000r\000a\000g\000o\000n\000,\000\040}{part.1}% 34
\BOOKMARK [1][-]{section*.102}{\376\377\000D\000r\000a\000g\000o\000n\000\040\000T\000u\000r\000t\000l\000e}{part.1}% 35
\BOOKMARK [1][-]{section*.105}{\376\377\000D\000r\000y\000a\000d}{part.1}% 36
\BOOKMARK [1][-]{section*.108}{\376\377\000D\000w\000a\000r\000f}{part.1}% 37
\BOOKMARK [1][-]{section*.111}{\376\377\000E\000f\000r\000e\000e\000t\000i\000,\000\040}{part.1}% 38
\BOOKMARK [1][-]{section*.114}{\376\377\000E\000l\000e\000m\000e\000n\000t\000a\000l}{part.1}% 39
\BOOKMARK [1][-]{section*.117}{\376\377\000E\000l\000e\000p\000h\000a\000n\000t}{part.1}% 40
\BOOKMARK [1][-]{section*.120}{\376\377\000E\000l\000f}{part.1}% 41
\BOOKMARK [1][-]{section*.123}{\376\377\000F\000e\000r\000r\000e\000t\000,\000\040}{part.1}% 42
\BOOKMARK [1][-]{section*.126}{\376\377\000F\000i\000s\000h}{part.1}% 43
\BOOKMARK [1][-]{section*.129}{\376\377\000G\000a\000r\000g\000o\000y\000l\000e}{part.1}% 44
\BOOKMARK [1][-]{section*.132}{\376\377\000G\000e\000l\000a\000t\000i\000n\000o\000u\000s\000\040\000C\000u\000b\000e}{part.1}% 45
\BOOKMARK [1][-]{section*.135}{\376\377\000G\000h\000o\000u\000l}{part.1}% 46
\BOOKMARK [1][-]{section*.138}{\376\377\000G\000i\000a\000n\000t}{part.1}% 47
\BOOKMARK [1][-]{section*.141}{\376\377\000G\000n\000o\000l\000l}{part.1}% 48
\BOOKMARK [1][-]{section*.144}{\376\377\000G\000n\000o\000m\000e}{part.1}% 49
\BOOKMARK [1][-]{section*.147}{\376\377\000G\000o\000b\000l\000i\000n}{part.1}% 50
\BOOKMARK [1][-]{section*.150}{\376\377\000G\000o\000l\000e\000m}{part.1}% 51
\BOOKMARK [1][-]{section*.153}{\376\377\000G\000o\000r\000g\000o\000n}{part.1}% 52
\BOOKMARK [1][-]{section*.156}{\376\377\000G\000r\000a\000y\000\040\000O\000o\000z\000e}{part.1}% 53
\BOOKMARK [1][-]{section*.159}{\376\377\000G\000r\000e\000e\000n\000\040\000S\000l\000i\000m\000e}{part.1}% 54
\BOOKMARK [1][-]{section*.162}{\376\377\000G\000r\000i\000f\000f\000o\000n}{part.1}% 55
\BOOKMARK [1][-]{section*.165}{\376\377\000H\000a\000l\000f\000l\000i\000n\000g}{part.1}% 56
\BOOKMARK [1][-]{section*.168}{\376\377\000H\000a\000r\000p\000y}{part.1}% 57
\BOOKMARK [1][-]{section*.171}{\376\377\000H\000a\000w\000k}{part.1}% 58
\BOOKMARK [1][-]{section*.174}{\376\377\000H\000e\000r\000d\000\040\000A\000n\000i\000m\000a\000l}{part.1}% 59
\BOOKMARK [1][-]{section*.177}{\376\377\000H\000e\000l\000l\000h\000o\000u\000n\000d}{part.1}% 60
\BOOKMARK [1][-]{section*.180}{\376\377\000H\000i\000p\000p\000o\000g\000r\000i\000f\000f}{part.1}% 61
\BOOKMARK [1][-]{section*.183}{\376\377\000H\000o\000b\000g\000o\000b\000l\000i\000n}{part.1}% 62
\BOOKMARK [1][-]{section*.186}{\376\377\000H\000o\000r\000s\000e}{part.1}% 63
\BOOKMARK [1][-]{section*.189}{\376\377\000H\000y\000d\000r\000a\000,\000\040}{part.1}% 64
\BOOKMARK [1][-]{section*.192}{\376\377\000I\000n\000s\000e\000c\000t\000\040\000S\000w\000a\000r\000m}{part.1}% 65
\BOOKMARK [1][-]{section*.195}{\376\377\000I\000n\000v\000i\000s\000i\000b\000l\000e\000\040\000S\000t\000a\000l\000k\000e\000r}{part.1}% 66
\BOOKMARK [1][-]{section*.198}{\376\377\000K\000o\000b\000o\000l\000d}{part.1}% 67
\BOOKMARK [1][-]{section*.201}{\376\377\000L\000e\000e\000c\000h\000,\000\040}{part.1}% 68
\BOOKMARK [1][-]{section*.204}{\376\377\000L\000i\000v\000i\000n\000g\000\040\000S\000t\000a\000t\000u\000e}{part.1}% 69
\BOOKMARK [1][-]{section*.207}{\376\377\000L\000i\000z\000a\000r\000d}{part.1}% 70
\BOOKMARK [1][-]{section*.210}{\376\377\000L\000i\000z\000a\000r\000d\000\040\000M\000a\000n}{part.1}% 71
\BOOKMARK [1][-]{section*.213}{\376\377\000L\000y\000c\000a\000n\000t\000h\000r\000o\000p\000e}{part.1}% 72
\BOOKMARK [1][-]{section*.216}{\376\377\000M\000a\000n\000t\000i\000c\000o\000r\000e}{part.1}% 73
\BOOKMARK [1][-]{section*.219}{\376\377\000M\000a\000s\000t\000o\000d\000o\000n}{part.1}% 74
\BOOKMARK [1][-]{section*.222}{\376\377\000M\000e\000d\000u\000s\000a}{part.1}% 75
\BOOKMARK [1][-]{section*.225}{\376\377\000M\000e\000n}{part.1}% 76
\BOOKMARK [1][-]{section*.228}{\376\377\000M\000e\000r\000m\000a\000n}{part.1}% 77
\BOOKMARK [1][-]{section*.231}{\376\377\000M\000i\000n\000o\000t\000a\000u\000r}{part.1}% 78
\BOOKMARK [1][-]{section*.234}{\376\377\000M\000u\000l\000e}{part.1}% 79
\BOOKMARK [1][-]{section*.237}{\376\377\000M\000u\000m\000m\000y}{part.1}% 80
\BOOKMARK [1][-]{section*.240}{\376\377\000N\000e\000a\000n\000d\000e\000r\000t\000h\000a\000l}{part.1}% 81
\BOOKMARK [1][-]{section*.243}{\376\377\000N\000i\000x\000i\000e}{part.1}% 82
\BOOKMARK [1][-]{section*.246}{\376\377\000O\000c\000h\000r\000e\000\040\000J\000e\000l\000l\000y}{part.1}% 83
\BOOKMARK [1][-]{section*.249}{\376\377\000O\000c\000t\000o\000p\000u\000s\000,\000\040}{part.1}% 84
\BOOKMARK [1][-]{section*.252}{\376\377\000O\000g\000r\000e}{part.1}% 85
\BOOKMARK [1][-]{section*.255}{\376\377\000O\000r\000c}{part.1}% 86
\BOOKMARK [1][-]{section*.258}{\376\377\000O\000w\000l\000\040\000B\000e\000a\000r}{part.1}% 87
\BOOKMARK [1][-]{section*.261}{\376\377\000P\000e\000g\000a\000s\000u\000s}{part.1}% 88
\BOOKMARK [1][-]{section*.264}{\376\377\000P\000i\000x\000i\000e}{part.1}% 89
\BOOKMARK [1][-]{section*.267}{\376\377\000P\000t\000e\000r\000o\000d\000a\000c\000t\000y\000l}{part.1}% 90
\BOOKMARK [1][-]{section*.270}{\376\377\000P\000u\000r\000p\000l\000e\000\040\000W\000o\000r\000m}{part.1}% 91
\BOOKMARK [1][-]{section*.273}{\376\377\000R\000a\000t}{part.1}% 92
\BOOKMARK [1][-]{section*.276}{\376\377\000R\000h\000a\000g\000o\000d\000e\000s\000s\000a}{part.1}% 93
\BOOKMARK [1][-]{section*.279}{\376\377\000R\000h\000i\000n\000o\000c\000e\000r\000o\000s}{part.1}% 94
\BOOKMARK [1][-]{section*.282}{\376\377\000R\000o\000b\000b\000e\000r\000\040\000F\000l\000y}{part.1}% 95
\BOOKMARK [1][-]{section*.285}{\376\377\000R\000o\000c}{part.1}% 96
\BOOKMARK [1][-]{section*.288}{\376\377\000R\000o\000c\000k\000\040\000B\000a\000b\000o\000o\000n}{part.1}% 97
\BOOKMARK [1][-]{section*.291}{\376\377\000R\000u\000s\000t\000\040\000M\000o\000n\000s\000t\000e\000r}{part.1}% 98
\BOOKMARK [1][-]{section*.294}{\376\377\000S\000a\000l\000a\000m\000a\000n\000d\000e\000r}{part.1}% 99
\BOOKMARK [1][-]{section*.297}{\376\377\000S\000c\000o\000r\000p\000i\000o\000n\000,\000\040}{part.1}% 100
\BOOKMARK [1][-]{section*.300}{\376\377\000S\000e\000a\000\040\000D\000r\000a\000g\000o\000n}{part.1}% 101
\BOOKMARK [1][-]{section*.303}{\376\377\000S\000e\000a\000\040\000S\000e\000r\000p\000e\000n\000t\000,\000\040}{part.1}% 102
\BOOKMARK [1][-]{section*.306}{\376\377\000S\000h\000a\000d\000o\000w}{part.1}% 103
\BOOKMARK [1][-]{section*.309}{\376\377\000S\000h\000a\000r\000k}{part.1}% 104
\BOOKMARK [1][-]{section*.312}{\376\377\000S\000h\000r\000e\000w\000,\000\040}{part.1}% 105
\BOOKMARK [1][-]{section*.315}{\376\377\000S\000h\000r\000i\000e\000k\000e\000r}{part.1}% 106
\BOOKMARK [1][-]{section*.318}{\376\377\000S\000k\000e\000l\000e\000t\000o\000n}{part.1}% 107
\BOOKMARK [1][-]{section*.321}{\376\377\000S\000n\000a\000k\000e}{part.1}% 108
\BOOKMARK [1][-]{section*.324}{\376\377\000S\000p\000e\000c\000t\000r\000e}{part.1}% 109
\BOOKMARK [1][-]{section*.327}{\376\377\000S\000p\000i\000d\000e\000r}{part.1}% 110
\BOOKMARK [1][-]{section*.330}{\376\377\000S\000p\000r\000i\000t\000e}{part.1}% 111
\BOOKMARK [1][-]{section*.333}{\376\377\000S\000q\000u\000i\000d\000,\000\040}{part.1}% 112
\BOOKMARK [1][-]{section*.336}{\376\377\000S\000t\000i\000r\000g\000e}{part.1}% 113
\BOOKMARK [1][-]{section*.339}{\376\377\000T\000e\000r\000m\000i\000t\000e}{part.1}% 114
\BOOKMARK [1][-]{section*.342}{\376\377\000T\000h\000o\000u\000l}{part.1}% 115
\BOOKMARK [1][-]{section*.345}{\376\377\000T\000i\000t\000a\000n\000o\000t\000h\000e\000r\000e}{part.1}% 116
\BOOKMARK [1][-]{section*.348}{\376\377\000T\000o\000a\000d\000,\000\040}{part.1}% 117
\BOOKMARK [1][-]{section*.351}{\376\377\000T\000r\000e\000a\000n\000t}{part.1}% 118
\BOOKMARK [1][-]{section*.354}{\376\377\000T\000r\000o\000g\000l\000o\000d\000y\000t\000e}{part.1}% 119
\BOOKMARK [1][-]{section*.357}{\376\377\000T\000r\000o\000l\000l}{part.1}% 120
\BOOKMARK [1][-]{section*.360}{\376\377\000U\000n\000i\000c\000o\000r\000n}{part.1}% 121
\BOOKMARK [1][-]{section*.363}{\376\377\000V\000a\000m\000p\000i\000r\000e}{part.1}% 122
\BOOKMARK [1][-]{section*.366}{\376\377\000W\000e\000a\000s\000e\000l\000,\000\040}{part.1}% 123
\BOOKMARK [1][-]{section*.369}{\376\377\000W\000h\000a\000l\000e}{part.1}% 124
\BOOKMARK [1][-]{section*.372}{\376\377\000W\000i\000g\000h\000t}{part.1}% 125
\BOOKMARK [1][-]{section*.375}{\376\377\000W\000o\000l\000f}{part.1}% 126
\BOOKMARK [1][-]{section*.378}{\376\377\000W\000r\000a\000i\000t\000h}{part.1}% 127
\BOOKMARK [1][-]{section*.381}{\376\377\000W\000y\000v\000e\000r\000n}{part.1}% 128
\BOOKMARK [1][-]{section*.384}{\376\377\000Y\000e\000l\000l\000o\000w\000\040\000M\000o\000l\000d}{part.1}% 129
\BOOKMARK [1][-]{section*.387}{\376\377\000Z\000o\000m\000b\000i\000e}{part.1}% 130
\BOOKMARK [0][-]{part.2}{\376\377\000M\000o\000n\000s\000t\000e\000r\000s\000\040\000f\000r\000o\000m\000\040\000B\0003\000:\000\040\000P\000a\000l\000a\000c\000e\000\040\000o\000f\000\040\000t\000h\000e\000\040\000S\000i\000l\000v\000e\000r\000\040\000P\000r\000i\000n\000c\000e\000s\000s}{}% 131
\BOOKMARK [1][-]{section*.390}{\376\377\000A\000r\000c\000h\000e\000r\000\040\000B\000u\000s\000h}{part.2}% 132
\BOOKMARK [1][-]{section*.393}{\376\377\000A\000r\000c\000h\000e\000r\000\040\000B\000u\000s\000h}{part.2}% 133
\BOOKMARK [1][-]{section*.396}{\376\377\000B\000a\000r\000i\000c}{part.2}% 134
\BOOKMARK [1][-]{section*.399}{\376\377\000B\000u\000b\000b\000l\000e}{part.2}% 135
\BOOKMARK [1][-]{section*.402}{\376\377\000D\000e\000c\000a\000p\000u\000s}{part.2}% 136
\BOOKMARK [1][-]{section*.405}{\376\377\000D\000e\000c\000a\000p\000u\000s}{part.2}% 137
\BOOKMARK [1][-]{section*.408}{\376\377\000D\000i\000g\000e\000r}{part.2}% 138
\BOOKMARK [1][-]{section*.411}{\376\377\000G\000h\000o\000s\000t}{part.2}% 139
\BOOKMARK [1][-]{section*.414}{\376\377\000S\000n\000a\000k\000e\000,\000\040}{part.2}% 140
\BOOKMARK [1][-]{section*.417}{\376\377\000J\000u\000p\000i\000t\000e\000r\000\040\000B\000l\000o\000o\000d\000\040\000S\000u\000c\000k\000e\000r}{part.2}% 141
\BOOKMARK [1][-]{section*.420}{\376\377\000M\000o\000n\000k\000e\000y\000,\000\040}{part.2}% 142
\BOOKMARK [1][-]{section*.423}{\376\377\000P\000r\000o\000t\000e\000c\000t\000o\000r}{part.2}% 143
\BOOKMARK [1][-]{section*.426}{\376\377\000P\000u\000r\000p\000l\000e\000\040\000M\000o\000s\000s}{part.2}% 144
\BOOKMARK [1][-]{section*.429}{\376\377\000U\000b\000u\000e}{part.2}% 145
\BOOKMARK [1][-]{section*.432}{\376\377\000V\000a\000m\000p\000i\000r\000e\000\040\000R\000o\000s\000e}{part.2}% 146
\BOOKMARK [0][-]{part.3}{\376\377\000M\000o\000n\000s\000t\000e\000r\000s\000\040\000f\000r\000o\000m\000\040\000B\0004\000:\000\040\000T\000h\000e\000\040\000L\000o\000s\000t\000\040\000C\000i\000t\000y}{}% 147
\BOOKMARK [1][-]{section*.435}{\376\377\000B\000a\000n\000s\000h\000e\000e}{part.3}% 148
\BOOKMARK [1][-]{section*.438}{\376\377\000C\000y\000n\000i\000d\000i\000c\000e\000a\000n}{part.3}% 149
\BOOKMARK [1][-]{section*.441}{\376\377\000L\000y\000c\000a\000n\000t\000h\000r\000o\000p\000e\000,\000\040}{part.3}% 150
\BOOKMARK [1][-]{section*.444}{\376\377\000P\000o\000l\000y\000m\000a\000r}{part.3}% 151
\BOOKMARK [1][-]{section*.447}{\376\377\000Z\000a\000r\000g\000o\000n}{part.3}% 152
\BOOKMARK [0][-]{part.4}{\376\377\000M\000o\000n\000s\000t\000e\000r\000s\000\040\000f\000r\000o\000m\000\040\000X\0001\000:\000\040\000I\000s\000l\000e\000\040\000o\000f\000\040\000D\000r\000e\000a\000d}{}% 153
\BOOKMARK [1][-]{section*.450}{\376\377\000D\000i\000n\000o\000s\000a\000u\000r}{part.4}% 154
\BOOKMARK [1][-]{section*.453}{\376\377\000A\000r\000a\000n\000e\000a}{part.4}% 155
\BOOKMARK [1][-]{section*.456}{\376\377\000E\000l\000k\000,\000\040}{part.4}% 156
\BOOKMARK [1][-]{section*.459}{\376\377\000G\000r\000a\000n\000g\000e\000r\000i}{part.4}% 157
\BOOKMARK [1][-]{section*.462}{\376\377\000K\000o\000p\000r\000u}{part.4}% 158
\BOOKMARK [1][-]{section*.465}{\376\377\000M\000e\000g\000a\000t\000h\000e\000r\000i\000u\000m}{part.4}% 159
\BOOKMARK [1][-]{section*.468}{\376\377\000M\000e\000n\000,\000\040}{part.4}% 160
\BOOKMARK [1][-]{section*.471}{\376\377\000O\000y\000s\000t\000e\000r\000,\000\040}{part.4}% 161
\BOOKMARK [1][-]{section*.474}{\376\377\000P\000h\000a\000n\000a\000t\000o\000n}{part.4}% 162
\BOOKMARK [1][-]{section*.477}{\376\377\000P\000h\000o\000r\000o\000r\000h\000a\000c\000o\000s}{part.4}% 163
\BOOKMARK [1][-]{section*.480}{\376\377\000R\000a\000k\000a\000s\000t\000a}{part.4}% 164
\BOOKMARK [0][-]{part.5}{\376\377\000M\000o\000n\000s\000t\000e\000r\000s\000\040\000f\000r\000o\000m\000\040\000X\0002\000:\000\040\000C\000a\000s\000t\000l\000e\000\040\000A\000m\000b\000e\000r}{}% 165
\BOOKMARK [1][-]{section*.483}{\376\377\000A\000m\000b\000e\000r\000\040\000L\000o\000t\000u\000s\000\040\000F\000l\000o\000w\000e\000r}{part.5}% 166
\BOOKMARK [1][-]{section*.486}{\376\377\000A\000m\000o\000e\000b\000a\000,\000\040}{part.5}% 167
\BOOKMARK [1][-]{section*.489}{\376\377\000B\000r\000a\000i\000n\000\040\000C\000o\000l\000l\000e\000c\000t\000o\000r}{part.5}% 168
\BOOKMARK [1][-]{section*.492}{\376\377\000D\000e\000m\000o\000n\000,\000\040}{part.5}% 169
\BOOKMARK [1][-]{section*.495}{\376\377\000G\000o\000l\000e\000m\000,\000\040}{part.5}% 170
\BOOKMARK [1][-]{section*.498}{\376\377\000G\000r\000a\000b\000\040\000G\000r\000a\000s\000s}{part.5}% 171
\BOOKMARK [1][-]{section*.501}{\376\377\000G\000r\000e\000m\000l\000i\000n}{part.5}% 172
\BOOKMARK [1][-]{section*.504}{\376\377\000T\000r\000e\000e\000,\000\040}{part.5}% 173
\BOOKMARK [1][-]{section*.507}{\376\377\000L\000u\000p\000i\000n}{part.5}% 174
\BOOKMARK [1][-]{section*.510}{\376\377\000M\000a\000g\000e\000n}{part.5}% 175
\BOOKMARK [1][-]{section*.513}{\376\377\000P\000a\000g\000a\000n}{part.5}% 176
\BOOKMARK [1][-]{section*.516}{\376\377\000P\000h\000a\000n\000t\000o\000m}{part.5}% 177
\BOOKMARK [1][-]{section*.519}{\376\377\000W\000o\000r\000m\000,\000\040}{part.5}% 178
\BOOKMARK [1][-]{section*.522}{\376\377\000S\000u\000n\000\040\000B\000r\000o\000t\000h\000e\000r}{part.5}% 179
\BOOKMARK [0][-]{part.6}{\376\377\000M\000o\000n\000s\000t\000e\000r\000s\000\040\000L\000i\000s\000t\000e\000d\000\040\000i\000n\000\040\000T\000a\000b\000u\000l\000a\000r\000\040\000F\000o\000r\000m}{}% 180
\BOOKMARK [0][-]{part.7}{\376\377\000O\000p\000e\000n\000\040\000G\000a\000m\000e\000\040\000C\000o\000n\000t\000e\000n\000t}{}% 181
